<?xml version="1.0" encoding="utf-8"?><testsuites name="pytest tests"><testsuite name="pytest" errors="0" failures="0" skipped="0" tests="31" time="52.328" timestamp="2026-06-29T04:27:33.050649+00:00" hostname="agent-env-b048c7e5-8a25-4e42-a4ff-79837f3ad432"><testcase classname="tests.test_cinereel_backend" name="test_root_ok" time="0.190" /><testcase classname="tests.test_cinereel_backend" name="test_catalogs_non_empty[/catalog/video-types]" time="0.048" /><testcase classname="tests.test_cinereel_backend" name="test_catalogs_non_empty[/catalog/templates]" time="0.055" /><testcase classname="tests.test_cinereel_backend" name="test_catalogs_non_empty[/catalog/voices]" time="0.048" /><testcase classname="tests.test_cinereel_backend" name="test_catalogs_non_empty[/catalog/avatars]" time="0.047" /><testcase classname="tests.test_cinereel_backend" name="test_catalogs_non_empty[/catalog/plans]" time="0.050" /><testcase classname="tests.test_cinereel_backend" name="test_catalog_assets" time="0.050" /><testcase classname="tests.test_cinereel_backend" name="test_signup_duplicate" time="0.318" /><testcase classname="tests.test_cinereel_backend" name="test_login_success" time="0.270" /><testcase classname="tests.test_cinereel_backend" name="test_login_wrong_password" time="0.269" /><testcase classname="tests.test_cinereel_backend" name="test_otp_flow" time="0.340" /><testcase classname="tests.test_cinereel_backend" name="test_me_with_auth" time="0.049" /><testcase classname="tests.test_cinereel_backend" name="test_me_without_auth" time="0.045" /><testcase classname="tests.test_cinereel_backend" name="test_admin_users" time="0.317" /><testcase classname="tests.test_cinereel_backend" name="test_admin_analytics" time="0.051" /><testcase classname="tests.test_cinereel_backend" name="test_admin_forbidden_for_regular" time="0.133" /><testcase classname="tests.test_cinereel_backend" name="test_ai_script" time="21.096" /><testcase classname="tests.test_cinereel_backend" name="test_ai_hooks" time="4.753" /><testcase classname="tests.test_cinereel_backend" name="test_ai_ctas" time="2.856" /><testcase classname="tests.test_cinereel_backend" name="test_ai_ad_ideas" time="9.452" /><testcase classname="tests.test_cinereel_backend" name="test_ai_tts" time="0.461" /><testcase classname="tests.test_cinereel_backend" name="test_ai_scene_image" time="9.311" /><testcase classname="tests.test_cinereel_backend" name="test_project_create_and_get" time="0.108" /><testcase classname="tests.test_cinereel_backend" name="test_project_list" time="0.056" /><testcase classname="tests.test_cinereel_backend" name="test_project_update" time="0.100" /><testcase classname="tests.test_cinereel_backend" name="test_project_duplicate" time="0.101" /><testcase classname="tests.test_cinereel_backend" name="test_project_delete" time="0.146" /><testcase classname="tests.test_cinereel_backend" name="test_brand_kit_crud" time="0.154" /><testcase classname="tests.test_cinereel_backend" name="test_credits_history" time="0.054" /><testcase classname="tests.test_cinereel_backend" name="test_billing_purchase_creator" time="0.155" /><testcase classname="tests.test_cinereel_backend" name="test_insufficient_credits" time="0.654" /></testsuite></testsuites>