<?xml version="1.0" encoding="utf-8"?><testsuites name="pytest tests"><testsuite name="pytest" errors="0" failures="0" skipped="0" tests="41" time="73.077" timestamp="2026-08-26T14:11:41.575151+00:00" hostname="agent-env-b048c7e5-8a25-4e42-a4ff-79837f3ad432"><testcase classname="tests.test_cinereel_backend" name="test_root_ok" time="2.135" /><testcase classname="tests.test_cinereel_backend" name="test_catalogs_non_empty[/catalog/video-types]" time="0.230" /><testcase classname="tests.test_cinereel_backend" name="test_catalogs_non_empty[/catalog/templates]" time="0.077" /><testcase classname="tests.test_cinereel_backend" name="test_catalogs_non_empty[/catalog/voices]" time="0.260" /><testcase classname="tests.test_cinereel_backend" name="test_catalogs_non_empty[/catalog/avatars]" time="0.080" /><testcase classname="tests.test_tts_language.TestTTS" name="test_tts_hindi_devanagari" time="5.483" /><testcase classname="tests.test_cinereel_backend" name="test_catalogs_non_empty[/catalog/plans]" time="0.115" /><testcase classname="tests.test_cinereel_backend" name="test_catalog_assets" time="2.132" /><testcase classname="tests.test_cinereel_backend" name="test_signup_duplicate" time="0.422" /><testcase classname="tests.test_cinereel_backend" name="test_login_success" time="0.321" /><testcase classname="tests.test_tts_language.TestTTS" name="test_tts_hinglish_roman" time="2.612" /><testcase classname="tests.test_cinereel_backend" name="test_login_wrong_password" time="0.302" /><testcase classname="tests.test_cinereel_backend" name="test_otp_flow" time="2.074" /><testcase classname="tests.test_tts_language.TestTTS" name="test_tts_english_regression" time="2.440" /><testcase classname="tests.test_cinereel_backend" name="test_me_with_auth" time="0.141" /><testcase classname="tests.test_cinereel_backend" name="test_me_without_auth" time="1.829" /><testcase classname="tests.test_cinereel_backend" name="test_admin_users" time="0.416" /><testcase classname="tests.test_tts_language.TestTTS" name="test_tts_without_project_id" time="4.461" /><testcase classname="tests.test_cinereel_backend" name="test_admin_analytics" time="0.087" /><testcase classname="tests.test_cinereel_backend" name="test_admin_forbidden_for_regular" time="4.145" /><testcase classname="tests.test_cinereel_backend" name="test_ai_script" time="21.621" /><testcase classname="tests.test_tts_language.TestTTS" name="test_tts_requires_auth" time="0.078" /><testcase classname="tests.test_tts_language.TestAiServicesModule" name="test_import_and_iso_mapping" time="1.508" /><testcase classname="tests.test_tts_language.TestAiServicesModule" name="test_synthesize_speech_signature" time="0.000" /><testcase classname="tests.test_tts_language.TestTTSPreview" name="test_preview_hindi_and_cache" time="2.925" /><testcase classname="tests.test_tts_language.TestTTSPreview" name="test_preview_hinglish" time="2.420" /><testcase classname="tests.test_tts_language.TestVoiceCatalog" name="test_voices_catalog" time="0.341" /><testcase classname="tests.test_cinereel_backend" name="test_ai_hooks" time="3.539" /><testcase classname="tests.test_cinereel_backend" name="test_ai_ctas" time="3.084" /><testcase classname="tests.test_cinereel_backend" name="test_ai_ad_ideas" time="14.028" /><testcase classname="tests.test_cinereel_backend" name="test_ai_tts" time="1.587" /><testcase classname="tests.test_cinereel_backend" name="test_ai_scene_image" time="10.939" /><testcase classname="tests.test_cinereel_backend" name="test_project_create_and_get" time="0.302" /><testcase classname="tests.test_cinereel_backend" name="test_project_list" time="0.108" /><testcase classname="tests.test_cinereel_backend" name="test_project_update" time="0.227" /><testcase classname="tests.test_cinereel_backend" name="test_project_duplicate" time="0.188" /><testcase classname="tests.test_cinereel_backend" name="test_project_delete" time="0.294" /><testcase classname="tests.test_cinereel_backend" name="test_brand_kit_crud" time="0.331" /><testcase classname="tests.test_cinereel_backend" name="test_credits_history" time="0.145" /><testcase classname="tests.test_cinereel_backend" name="test_billing_purchase_creator" time="0.287" /><testcase classname="tests.test_cinereel_backend" name="test_insufficient_credits" time="0.848" /></testsuite></testsuites>