<?xml version="1.0" encoding="utf-8"?><testsuites name="pytest tests"><testsuite name="pytest" errors="0" failures="5" skipped="0" tests="41" time="61.888" timestamp="2026-09-04T14:58:26.600848+00:00" hostname="agent-env-b048c7e5-8a25-4e42-a4ff-79837f3ad432"><testcase classname="tests.test_cinereel_backend" name="test_root_ok" time="0.176" /><testcase classname="tests.test_cinereel_backend" name="test_catalogs_non_empty[/catalog/video-types]" time="0.286" /><testcase classname="tests.test_cinereel_backend" name="test_catalogs_non_empty[/catalog/templates]" time="0.074" /><testcase classname="tests.test_cinereel_backend" name="test_catalogs_non_empty[/catalog/voices]" time="0.409" /><testcase classname="tests.test_cinereel_backend" name="test_catalogs_non_empty[/catalog/avatars]" time="0.067" /><testcase classname="tests.test_tts_language.TestTTS" name="test_tts_hindi_devanagari" time="1.130"><failure message="AssertionError: 503: {&quot;detail&quot;:&quot;Invalid ELEVENLABS_API_KEY on server — the value looks like an API-key ID, not a key. Real keys start with 'sk_'. Go to elevenlabs.io → Profile → API Keys → 'Copy Key' (not the ID). Then update the backend .env and redeploy.&quot;}&#10;assert 503 == 200&#10; +  where 503 = &lt;Response [503]&gt;.status_code">E   AssertionError: 503: {"detail":"Invalid ELEVENLABS_API_KEY on server — the value looks like an API-key ID, not a key. Real keys start with 'sk_'. Go to elevenlabs.io → Profile → API Keys → 'Copy Key' (not the ID). Then update the backend .env and redeploy."}
    assert 503 == 200
     +  where 503 = &lt;Response [503]&gt;.status_code</failure></testcase><testcase classname="tests.test_cinereel_backend" name="test_catalogs_non_empty[/catalog/plans]" time="0.076" /><testcase classname="tests.test_cinereel_backend" name="test_catalog_assets" time="0.080" /><testcase classname="tests.test_tts_language.TestTTS" name="test_tts_hinglish_roman" time="0.356"><failure message="AssertionError: 503: {&quot;detail&quot;:&quot;Invalid ELEVENLABS_API_KEY on server — the value looks like an API-key ID, not a key. Real keys start with 'sk_'. Go to elevenlabs.io → Profile → API Keys → 'Copy Key' (not the ID). Then update the backend .env and redeploy.&quot;}&#10;assert 503 == 200&#10; +  where 503 = &lt;Response [503]&gt;.status_code">E   AssertionError: 503: {"detail":"Invalid ELEVENLABS_API_KEY on server — the value looks like an API-key ID, not a key. Real keys start with 'sk_'. Go to elevenlabs.io → Profile → API Keys → 'Copy Key' (not the ID). Then update the backend .env and redeploy."}
    assert 503 == 200
     +  where 503 = &lt;Response [503]&gt;.status_code</failure></testcase><testcase classname="tests.test_cinereel_backend" name="test_signup_duplicate" time="0.379" /><testcase classname="tests.test_tts_language.TestTTS" name="test_tts_english_regression" time="0.383"><failure message="AssertionError: 503: {&quot;detail&quot;:&quot;Invalid ELEVENLABS_API_KEY on server — the value looks like an API-key ID, not a key. Real keys start with 'sk_'. Go to elevenlabs.io → Profile → API Keys → 'Copy Key' (not the ID). Then update the backend .env and redeploy.&quot;}&#10;assert 503 == 200&#10; +  where 503 = &lt;Response [503]&gt;.status_code">E   AssertionError: 503: {"detail":"Invalid ELEVENLABS_API_KEY on server — the value looks like an API-key ID, not a key. Real keys start with 'sk_'. Go to elevenlabs.io → Profile → API Keys → 'Copy Key' (not the ID). Then update the backend .env and redeploy."}
    assert 503 == 200
     +  where 503 = &lt;Response [503]&gt;.status_code</failure></testcase><testcase classname="tests.test_cinereel_backend" name="test_login_success" time="0.311" /><testcase classname="tests.test_cinereel_backend" name="test_login_wrong_password" time="0.301" /><testcase classname="tests.test_tts_language.TestTTS" name="test_tts_without_project_id" time="0.310"><failure message="AssertionError: {&quot;detail&quot;:&quot;Invalid ELEVENLABS_API_KEY on server — the value looks like an API-key ID, not a key. Real keys start with 'sk_'. Go to elevenlabs.io → Profile → API Keys → 'Copy Key' (not the ID). Then update the backend .env and redeploy.&quot;}&#10;assert 503 == 200&#10; +  where 503 = &lt;Response [503]&gt;.status_code">E   AssertionError: {"detail":"Invalid ELEVENLABS_API_KEY on server — the value looks like an API-key ID, not a key. Real keys start with 'sk_'. Go to elevenlabs.io → Profile → API Keys → 'Copy Key' (not the ID). Then update the backend .env and redeploy."}
    assert 503 == 200
     +  where 503 = &lt;Response [503]&gt;.status_code</failure></testcase><testcase classname="tests.test_cinereel_backend" name="test_otp_flow" time="0.382" /><testcase classname="tests.test_tts_language.TestTTS" name="test_tts_requires_auth" time="0.086" /><testcase classname="tests.test_tts_language.TestAiServicesModule" name="test_import_and_iso_mapping" time="1.867" /><testcase classname="tests.test_cinereel_backend" name="test_me_with_auth" time="0.068" /><testcase classname="tests.test_cinereel_backend" name="test_me_without_auth" time="0.075" /><testcase classname="tests.test_cinereel_backend" name="test_admin_users" time="0.551" /><testcase classname="tests.test_cinereel_backend" name="test_admin_analytics" time="0.076" /><testcase classname="tests.test_cinereel_backend" name="test_admin_forbidden_for_regular" time="0.147" /><testcase classname="tests.test_cinereel_backend" name="test_ai_script" time="21.714" /><testcase classname="tests.test_tts_language.TestAiServicesModule" name="test_synthesize_speech_signature" time="0.000" /><testcase classname="tests.test_tts_language.TestTTSPreview" name="test_preview_hindi_and_cache" time="2.758" /><testcase classname="tests.test_tts_language.TestTTSPreview" name="test_preview_hinglish" time="2.137" /><testcase classname="tests.test_tts_language.TestVoiceCatalog" name="test_voices_catalog" time="0.309" /><testcase classname="tests.test_cinereel_backend" name="test_ai_hooks" time="3.332" /><testcase classname="tests.test_cinereel_backend" name="test_ai_ctas" time="2.948" /><testcase classname="tests.test_cinereel_backend" name="test_ai_ad_ideas" time="16.173" /><testcase classname="tests.test_cinereel_backend" name="test_ai_tts" time="0.391"><failure message="AssertionError: {&quot;detail&quot;:&quot;Invalid ELEVENLABS_API_KEY on server — the value looks like an API-key ID, not a key. Real keys start with 'sk_'. Go to elevenlabs.io → Profile → API Keys → 'Copy Key' (not the ID). Then update the backend .env and redeploy.&quot;}&#10;assert 503 in (200, 502)&#10; +  where 503 = &lt;Response [503]&gt;.status_code">E   AssertionError: {"detail":"Invalid ELEVENLABS_API_KEY on server — the value looks like an API-key ID, not a key. Real keys start with 'sk_'. Go to elevenlabs.io → Profile → API Keys → 'Copy Key' (not the ID). Then update the backend .env and redeploy."}
    assert 503 in (200, 502)
     +  where 503 = &lt;Response [503]&gt;.status_code</failure></testcase><testcase classname="tests.test_cinereel_backend" name="test_ai_scene_image" time="10.908" /><testcase classname="tests.test_cinereel_backend" name="test_project_create_and_get" time="0.158" /><testcase classname="tests.test_cinereel_backend" name="test_project_list" time="0.077" /><testcase classname="tests.test_cinereel_backend" name="test_project_update" time="0.141" /><testcase classname="tests.test_cinereel_backend" name="test_project_duplicate" time="0.137" /><testcase classname="tests.test_cinereel_backend" name="test_project_delete" time="0.209" /><testcase classname="tests.test_cinereel_backend" name="test_brand_kit_crud" time="0.206" /><testcase classname="tests.test_cinereel_backend" name="test_credits_history" time="0.071" /><testcase classname="tests.test_cinereel_backend" name="test_billing_purchase_creator" time="0.227" /><testcase classname="tests.test_cinereel_backend" name="test_insufficient_credits" time="0.718" /></testsuite></testsuites>