<?xml version="1.0" encoding="utf-8"?><testsuites name="pytest tests"><testsuite name="pytest" errors="0" failures="2" skipped="0" tests="51" time="104.073" timestamp="2026-09-04T15:06:25.329947+00:00" hostname="agent-env-b048c7e5-8a25-4e42-a4ff-79837f3ad432"><testcase classname="tests.test_studio_phase.TestScriptRefine" name="test_refine_actions[improve]" time="4.552" /><testcase classname="tests.test_studio_phase.TestEstimate" name="test_estimate_actions[script-5]" time="0.785" /><testcase classname="tests.test_studio_phase.TestEstimate" name="test_estimate_actions[variants-15]" time="0.076" /><testcase classname="tests.test_studio_phase.TestEstimate" name="test_estimate_actions[tts-2]" time="0.075" /><testcase classname="tests.test_studio_phase.TestEstimate" name="test_estimate_actions[scene_image-3]" time="0.067" /><testcase classname="tests.test_studio_phase.TestEstimate" name="test_estimate_actions[storyboard-18]" time="0.069" /><testcase classname="tests.test_studio_phase.TestEstimate" name="test_estimate_actions[render-10]" time="0.072" /><testcase classname="tests.test_studio_phase.TestEstimate" name="test_estimate_actions[multi_creative-6]" time="0.075" /><testcase classname="tests.test_studio_phase.TestEstimate" name="test_estimate_actions[ad_copy-4]" time="0.078" /><testcase classname="tests.test_studio_phase.TestEstimate" name="test_estimate_actions[campaign-8]" time="0.078" /><testcase classname="tests.test_studio_phase.TestEstimate" name="test_estimate_actions[stt-4]" time="0.065" /><testcase classname="tests.test_studio_phase.TestEstimate" name="test_estimate_actions[refine-2]" time="0.098" /><testcase classname="tests.test_studio_phase.TestEstimate" name="test_estimate_actions[resize-8]" time="0.084" /><testcase classname="tests.test_studio_phase.TestEstimate" name="test_estimate_count_multiplier" time="0.071" /><testcase classname="tests.test_studio_phase.TestEstimate" name="test_estimate_requires_auth" time="0.137" /><testcase classname="tests.test_studio_phase.TestMultiCreative" name="test_multi_creative_counts[1]" time="4.667" /><testcase classname="tests.test_studio_phase.TestScriptRefine" name="test_refine_actions[shorten]" time="2.082" /><testcase classname="tests.test_studio_phase.TestMultiCreative" name="test_multi_creative_counts[3]" time="9.508" /><testcase classname="tests.test_studio_phase.TestScriptRefine" name="test_refine_actions[expand]" time="7.923" /><testcase classname="tests.test_studio_phase.TestScriptRefine" name="test_refine_actions[split_scenes]" time="4.109" /><testcase classname="tests.test_studio_phase.TestMultiCreative" name="test_multi_creative_five_distinct" time="13.608" /><testcase classname="tests.test_studio_phase.TestScriptRefine" name="test_refine_change_tone" time="6.011" /><testcase classname="tests.test_studio_phase.TestScriptRefine" name="test_refine_translate_hindi" time="3.452" /><testcase classname="tests.test_studio_phase.TestScriptRefine" name="test_refine_empty_script_400" time="0.076" /><testcase classname="tests.test_studio_phase.TestScriptRefine" name="test_refine_deducts_credits" time="2.516" /><testcase classname="tests.test_studio_phase.TestMultiCreative" name="test_multi_creative_invalid_count_422" time="0.071" /><testcase classname="tests.test_studio_phase.TestVoiceUploadSTT" name="test_upload_voice" time="0.832" /><testcase classname="tests.test_studio_phase.TestVoiceUploadSTT" name="test_upload_rejects_non_audio" time="0.179" /><testcase classname="tests.test_studio_phase.TestVoiceUploadSTT" name="test_stt_from_uploaded_audio" time="1.207" /><testcase classname="tests.test_studio_phase.TestRegression" name="test_login_bad_password" time="0.406" /><testcase classname="tests.test_studio_phase.TestRegression" name="test_projects_list" time="0.071" /><testcase classname="tests.test_studio_phase.TestRegression" name="test_credits_history" time="0.090" /><testcase classname="tests.test_studio_phase.TestRegression" name="test_ai_script" time="21.104" /><testcase classname="tests.test_studio_phase.TestVoiceUploadSTT" name="test_stt_bad_url_400" time="0.541" /><testcase classname="tests.test_studio_phase.TestMusicCatalog" name="test_catalog_music" time="0.149" /><testcase classname="tests.test_studio_phase.TestMusicCatalog" name="test_music_urls_are_playable" time="7.077"><failure message="AssertionError: unplayable catalog audio: [('mx-cinematic-01', 403), ('mx-uplifting-01', 403), ('mx-emotional-01', 403), ('mx-energetic-01', 403), ('mx-luxury-01', 403), ('mx-storytelling-01', 403), ('mx-ugc-01', 403), ('mx-suspense-01', 403), ('mx-motivational-01', 403), ('mx-lofi-01', 403), ('sfx-pop', 403), ('sfx-click', 403), ('sfx-notification', 403), ('sfx-swipe', 403), ('sfx-impact', 403), ('sfx-magic', 403)]&#10;assert not [('mx-cinematic-01', 403), ('mx-uplifting-01', 403), ('mx-emotional-01', 403), ('mx-energetic-01', 403), ('mx-luxury-01', 403), ('mx-storytelling-01', 403), ...]">E   AssertionError: unplayable catalog audio: [('mx-cinematic-01', 403), ('mx-uplifting-01', 403), ('mx-emotional-01', 403), ('mx-energetic-01', 403), ('mx-luxury-01', 403), ('mx-storytelling-01', 403), ('mx-ugc-01', 403), ('mx-suspense-01', 403), ('mx-motivational-01', 403), ('mx-lofi-01', 403), ('sfx-pop', 403), ('sfx-click', 403), ('sfx-notification', 403), ('sfx-swipe', 403), ('sfx-impact', 403), ('sfx-magic', 403)]
    assert not [('mx-cinematic-01', 403), ('mx-uplifting-01', 403), ('mx-emotional-01', 403), ('mx-energetic-01', 403), ('mx-luxury-01', 403), ('mx-storytelling-01', 403), ...]</failure></testcase><testcase classname="tests.test_studio_phase.TestMusicCatalog" name="test_set_project_music" time="0.160" /><testcase classname="tests.test_studio_phase.TestCompliance" name="test_compliance_flags_risky" time="6.728" /><testcase classname="tests.test_studio_phase.TestCompliance" name="test_compliance_safe_text" time="1.709" /><testcase classname="tests.test_studio_phase.TestWorkspaces" name="test_workspace_crud" time="0.637" /><testcase classname="tests.test_studio_phase.TestWorkspaces" name="test_project_list_exposes_workspace_id" time="0.391"><failure message="AssertionError: GET /api/projects omits workspace_id (keys=['aspect_ratio', 'created_at', 'duration_sec', 'folder', 'fps', 'language', 'project_id', 'resolution', 'status', 'thumbnail', 'title', 'updated_at', 'video_type', 'video_url'])&#10;assert None == 'ws_81a504823a99'&#10; +  where None = &lt;built-in method get of dict object at 0xffaf94c85500&gt;('workspace_id')&#10; +    where &lt;built-in method get of dict object at 0xffaf94c85500&gt; = {'project_id': 'proj_2e09c668634f', 'title': 'TEST_studio_project', 'video_type': 'cinematic_ad', 'language': 'english', ...}.get">E   AssertionError: GET /api/projects omits workspace_id (keys=['aspect_ratio', 'created_at', 'duration_sec', 'folder', 'fps', 'language', 'project_id', 'resolution', 'status', 'thumbnail', 'title', 'updated_at', 'video_type', 'video_url'])
    assert None == 'ws_81a504823a99'
     +  where None = &lt;built-in method get of dict object at 0xffaf94c85500&gt;('workspace_id')
     +    where &lt;built-in method get of dict object at 0xffaf94c85500&gt; = {'project_id': 'proj_2e09c668634f', 'title': 'TEST_studio_project', 'video_type': 'cinematic_ad', 'language': 'english', ...}.get</failure></testcase><testcase classname="tests.test_studio_phase.TestResize" name="test_resize_without_storyboard_400" time="0.199" /><testcase classname="tests.test_studio_phase.TestResize" name="test_resize_unknown_project_404" time="0.061" /><testcase classname="tests.test_studio_phase.TestCampaignPack" name="test_campaign_pack_zip" time="0.072" /><testcase classname="tests.test_studio_phase.TestCampaignPack" name="test_campaign_pack_404" time="0.069" /><testcase classname="tests.test_studio_phase.TestAdCopy" name="test_ad_copy_all_platforms" time="13.154" /><testcase classname="tests.test_studio_phase.TestVersions" name="test_version_snapshot_list_restore" time="0.495" /><testcase classname="tests.test_studio_phase.TestVersions" name="test_snapshot_unknown_project_404" time="0.073" /><testcase classname="tests.test_studio_phase.TestVersions" name="test_restore_unknown_version_404" time="0.141" /><testcase classname="tests.test_studio_phase.TestCampaign" name="test_campaign_per_platform" time="31.693" /><testcase classname="tests.test_studio_phase.TestCreativeScore" name="test_score_structure" time="8.813" /></testsuite></testsuites>