<?xml version="1.0" encoding="utf-8"?><testsuites name="pytest tests"><testsuite name="pytest" errors="0" failures="0" skipped="0" tests="10" time="18.007" timestamp="2026-08-26T14:08:11.086969+00:00" hostname="agent-env-b048c7e5-8a25-4e42-a4ff-79837f3ad432"><testcase classname="tests.test_tts_language.TestAiServicesModule" name="test_import_and_iso_mapping" time="2.529" /><testcase classname="tests.test_tts_language.TestTTS" name="test_tts_hindi_devanagari" time="8.218" /><testcase classname="tests.test_tts_language.TestAiServicesModule" name="test_synthesize_speech_signature" time="0.000" /><testcase classname="tests.test_tts_language.TestTTSPreview" name="test_preview_hindi_and_cache" time="8.180" /><testcase classname="tests.test_tts_language.TestTTS" name="test_tts_hinglish_roman" time="3.816" /><testcase classname="tests.test_tts_language.TestTTSPreview" name="test_preview_hinglish" time="1.418" /><testcase classname="tests.test_tts_language.TestTTS" name="test_tts_english_regression" time="2.614" /><testcase classname="tests.test_tts_language.TestVoiceCatalog" name="test_voices_catalog" time="0.074" /><testcase classname="tests.test_tts_language.TestTTS" name="test_tts_without_project_id" time="2.305" /><testcase classname="tests.test_tts_language.TestTTS" name="test_tts_requires_auth" time="0.359" /></testsuite></testsuites>